<?xml version="1.0" encoding="UTF-8"?>
<!-- Generated by org.testng.reporters.JUnitXMLReporter -->
<testsuite ignored="0" hostname="Admin" failures="0" tests="3" name="Default test" time="132.245" errors="0" timestamp="2024-09-23T23:48:00 ICT">
  <testcase classname="automation.testsuite.Sanpham_Thietbinhabep" name="CheckBtnKhaosat" time="10.258"/>
  <testcase classname="automation.testsuite.Sanpham_Thietbinhabep" name="CheckBtnMuaNgay" time="15.327"/>
  <testcase classname="automation.testsuite.Sanpham_Thietbinhabep" name="CheckBtnMuatragop" time="11.069"/>
</testsuite> <!-- Default test -->
