<?xml version="1.0" encoding="UTF-8"?>
<!-- Generated by org.testng.reporters.JUnitXMLReporter -->
<testsuite ignored="3" hostname="DESKTOP-1BAS52A" failures="0" tests="1" name="Default test" time="147.359" errors="0" timestamp="2024-09-25T00:29:48 ICT">
  <testcase classname="automation.testsuite.ChauVoiRuaBat_BepAnToan" name="clickDanhMucVoiRuaChenBat" time="137.9"/>
  <testcase classname="automation.testsuite.ChauVoiRuaBat_BepAnToan" name="clickDanhMucChauRuachenBat" time="0.0">
    <ignored/>
  </testcase> <!-- clickDanhMucChauRuachenBat -->
  <testcase classname="automation.testsuite.ChauVoiRuaBat_BepAnToan" name="clickMucGiaNhoHon3" time="0.0">
    <ignored/>
  </testcase> <!-- clickMucGiaNhoHon3 -->
  <testcase classname="automation.testsuite.ChauVoiRuaBat_BepAnToan" name="clickGiamGiaNhieu" time="0.0">
    <ignored/>
  </testcase> <!-- clickGiamGiaNhieu -->
</testsuite> <!-- Default test -->
