<?xml version="1.0" encoding="UTF-8"?>
<testng-results ignored="0" total="23" passed="21" failed="2" skipped="0">
  <reporter-output>
  </reporter-output>
  <suite started-at="2024-09-22T16:41:49 ICT" name="TestSuite" finished-at="2024-09-22T16:49:28 ICT" duration-ms="458380">
    <groups>
    </groups>
    <test started-at="2024-09-22T16:41:49 ICT" name="Regression test test suite on chrome " finished-at="2024-09-22T16:41:49 ICT" duration-ms="7">
    </test> <!-- Regression test test suite on chrome  -->
    <test started-at="2024-09-22T16:41:49 ICT" name="Regression test test suite on firefox " finished-at="2024-09-22T16:49:28 ICT" duration-ms="458312">
      <class name="automation.testsuite.Tubep_FilterTest">
        <test-method is-config="true" signature="openBrowser(java.lang.String)[pri:0, instance:automation.testsuite.Tubep_FilterTest@49139829]" started-at="2024-09-22T16:41:49 ICT" name="openBrowser" finished-at="2024-09-22T16:41:59 ICT" duration-ms="9881" status="PASS">
          <params>
            <param index="0">
              <value>
                <![CDATA[firefox]]>
              </value>
            </param>
          </params>
          <reporter-output>
          </reporter-output>
        </test-method> <!-- openBrowser -->
        <test-method signature="filterByDanhMuc()[pri:1, instance:automation.testsuite.Tubep_FilterTest@49139829]" started-at="2024-09-22T16:41:59 ICT" name="filterByDanhMuc" finished-at="2024-09-22T16:42:02 ICT" duration-ms="2624" status="PASS">
          <reporter-output>
          </reporter-output>
        </test-method> <!-- filterByDanhMuc -->
        <test-method is-config="true" signature="closeBrowser()[pri:0, instance:automation.testsuite.Tubep_FilterTest@49139829]" started-at="2024-09-22T16:42:02 ICT" name="closeBrowser" finished-at="2024-09-22T16:42:02 ICT" duration-ms="599" status="PASS">
          <reporter-output>
          </reporter-output>
        </test-method> <!-- closeBrowser -->
        <test-method is-config="true" signature="openBrowser(java.lang.String)[pri:0, instance:automation.testsuite.Tubep_FilterTest@49139829]" started-at="2024-09-22T16:42:02 ICT" name="openBrowser" finished-at="2024-09-22T16:42:11 ICT" duration-ms="8268" status="PASS">
          <params>
            <param index="0">
              <value>
                <![CDATA[firefox]]>
              </value>
            </param>
          </params>
          <reporter-output>
          </reporter-output>
        </test-method> <!-- openBrowser -->
        <test-method signature="filterByMucGia()[pri:2, instance:automation.testsuite.Tubep_FilterTest@49139829]" started-at="2024-09-22T16:42:11 ICT" name="filterByMucGia" finished-at="2024-09-22T16:42:14 ICT" duration-ms="3108" status="PASS">
          <reporter-output>
          </reporter-output>
        </test-method> <!-- filterByMucGia -->
        <test-method is-config="true" signature="closeBrowser()[pri:0, instance:automation.testsuite.Tubep_FilterTest@49139829]" started-at="2024-09-22T16:42:14 ICT" name="closeBrowser" finished-at="2024-09-22T16:42:14 ICT" duration-ms="589" status="PASS">
          <reporter-output>
          </reporter-output>
        </test-method> <!-- closeBrowser -->
        <test-method is-config="true" signature="openBrowser(java.lang.String)[pri:0, instance:automation.testsuite.Tubep_FilterTest@49139829]" started-at="2024-09-22T16:42:14 ICT" name="openBrowser" finished-at="2024-09-22T16:42:22 ICT" duration-ms="7825" status="PASS">
          <params>
            <param index="0">
              <value>
                <![CDATA[firefox]]>
              </value>
            </param>
          </params>
          <reporter-output>
          </reporter-output>
        </test-method> <!-- openBrowser -->
        <test-method signature="filterByChatLieu()[pri:3, instance:automation.testsuite.Tubep_FilterTest@49139829]" started-at="2024-09-22T16:42:22 ICT" name="filterByChatLieu" finished-at="2024-09-22T16:42:29 ICT" duration-ms="6960" status="PASS">
          <reporter-output>
          </reporter-output>
        </test-method> <!-- filterByChatLieu -->
        <test-method is-config="true" signature="closeBrowser()[pri:0, instance:automation.testsuite.Tubep_FilterTest@49139829]" started-at="2024-09-22T16:42:29 ICT" name="closeBrowser" finished-at="2024-09-22T16:42:30 ICT" duration-ms="605" status="PASS">
          <reporter-output>
          </reporter-output>
        </test-method> <!-- closeBrowser -->
        <test-method is-config="true" signature="openBrowser(java.lang.String)[pri:0, instance:automation.testsuite.Tubep_FilterTest@49139829]" started-at="2024-09-22T16:42:30 ICT" name="openBrowser" finished-at="2024-09-22T16:42:38 ICT" duration-ms="8143" status="PASS">
          <params>
            <param index="0">
              <value>
                <![CDATA[firefox]]>
              </value>
            </param>
          </params>
          <reporter-output>
          </reporter-output>
        </test-method> <!-- openBrowser -->
        <test-method signature="filterByKichThuoc()[pri:4, instance:automation.testsuite.Tubep_FilterTest@49139829]" started-at="2024-09-22T16:42:38 ICT" name="filterByKichThuoc" finished-at="2024-09-22T16:42:40 ICT" duration-ms="2596" status="PASS">
          <reporter-output>
          </reporter-output>
        </test-method> <!-- filterByKichThuoc -->
        <test-method is-config="true" signature="closeBrowser()[pri:0, instance:automation.testsuite.Tubep_FilterTest@49139829]" started-at="2024-09-22T16:42:40 ICT" name="closeBrowser" finished-at="2024-09-22T16:42:41 ICT" duration-ms="592" status="PASS">
          <reporter-output>
          </reporter-output>
        </test-method> <!-- closeBrowser -->
        <test-method is-config="true" signature="openBrowser(java.lang.String)[pri:0, instance:automation.testsuite.Tubep_FilterTest@49139829]" started-at="2024-09-22T16:42:41 ICT" name="openBrowser" finished-at="2024-09-22T16:42:49 ICT" duration-ms="8041" status="PASS">
          <params>
            <param index="0">
              <value>
                <![CDATA[firefox]]>
              </value>
            </param>
          </params>
          <reporter-output>
          </reporter-output>
        </test-method> <!-- openBrowser -->
        <test-method signature="filterByBaoHanh()[pri:5, instance:automation.testsuite.Tubep_FilterTest@49139829]" started-at="2024-09-22T16:42:49 ICT" name="filterByBaoHanh" finished-at="2024-09-22T16:42:52 ICT" duration-ms="2603" status="PASS">
          <reporter-output>
          </reporter-output>
        </test-method> <!-- filterByBaoHanh -->
        <test-method is-config="true" signature="closeBrowser()[pri:0, instance:automation.testsuite.Tubep_FilterTest@49139829]" started-at="2024-09-22T16:42:52 ICT" name="closeBrowser" finished-at="2024-09-22T16:42:52 ICT" duration-ms="579" status="PASS">
          <reporter-output>
          </reporter-output>
        </test-method> <!-- closeBrowser -->
      </class> <!-- automation.testsuite.Tubep_FilterTest -->
      <class name="automation.testsuite.Tubep_MuaNgayTest">
        <test-method is-config="true" signature="openBrowser(java.lang.String)[pri:0, instance:automation.testsuite.Tubep_MuaNgayTest@692f203f]" started-at="2024-09-22T16:44:17 ICT" name="openBrowser" finished-at="2024-09-22T16:44:25 ICT" duration-ms="8417" status="PASS">
          <params>
            <param index="0">
              <value>
                <![CDATA[firefox]]>
              </value>
            </param>
          </params>
          <reporter-output>
          </reporter-output>
        </test-method> <!-- openBrowser -->
        <test-method signature="muaNgayThatBai_DiaChiBlank()[pri:0, instance:automation.testsuite.Tubep_MuaNgayTest@692f203f]" started-at="2024-09-22T16:44:25 ICT" name="muaNgayThatBai_DiaChiBlank" finished-at="2024-09-22T16:44:38 ICT" duration-ms="12329" status="PASS">
          <reporter-output>
          </reporter-output>
        </test-method> <!-- muaNgayThatBai_DiaChiBlank -->
        <test-method is-config="true" signature="closeBrowser()[pri:0, instance:automation.testsuite.Tubep_MuaNgayTest@692f203f]" started-at="2024-09-22T16:44:38 ICT" name="closeBrowser" finished-at="2024-09-22T16:44:39 ICT" duration-ms="725" status="PASS">
          <reporter-output>
          </reporter-output>
        </test-method> <!-- closeBrowser -->
        <test-method is-config="true" signature="openBrowser(java.lang.String)[pri:0, instance:automation.testsuite.Tubep_MuaNgayTest@692f203f]" started-at="2024-09-22T16:44:39 ICT" name="openBrowser" finished-at="2024-09-22T16:44:48 ICT" duration-ms="9315" status="PASS">
          <params>
            <param index="0">
              <value>
                <![CDATA[firefox]]>
              </value>
            </param>
          </params>
          <reporter-output>
          </reporter-output>
        </test-method> <!-- openBrowser -->
        <test-method signature="muaNgayThatBai_HoTenBlank()[pri:0, instance:automation.testsuite.Tubep_MuaNgayTest@692f203f]" started-at="2024-09-22T16:44:48 ICT" name="muaNgayThatBai_HoTenBlank" finished-at="2024-09-22T16:45:00 ICT" duration-ms="12342" status="PASS">
          <reporter-output>
          </reporter-output>
        </test-method> <!-- muaNgayThatBai_HoTenBlank -->
        <test-method is-config="true" signature="closeBrowser()[pri:0, instance:automation.testsuite.Tubep_MuaNgayTest@692f203f]" started-at="2024-09-22T16:45:00 ICT" name="closeBrowser" finished-at="2024-09-22T16:45:01 ICT" duration-ms="717" status="PASS">
          <reporter-output>
          </reporter-output>
        </test-method> <!-- closeBrowser -->
        <test-method is-config="true" signature="openBrowser(java.lang.String)[pri:0, instance:automation.testsuite.Tubep_MuaNgayTest@692f203f]" started-at="2024-09-22T16:45:01 ICT" name="openBrowser" finished-at="2024-09-22T16:45:11 ICT" duration-ms="10229" status="PASS">
          <params>
            <param index="0">
              <value>
                <![CDATA[firefox]]>
              </value>
            </param>
          </params>
          <reporter-output>
          </reporter-output>
        </test-method> <!-- openBrowser -->
        <test-method signature="muaNgayThatBai_LeaveBlank()[pri:0, instance:automation.testsuite.Tubep_MuaNgayTest@692f203f]" started-at="2024-09-22T16:45:11 ICT" name="muaNgayThatBai_LeaveBlank" finished-at="2024-09-22T16:45:23 ICT" duration-ms="12262" status="PASS">
          <reporter-output>
          </reporter-output>
        </test-method> <!-- muaNgayThatBai_LeaveBlank -->
        <test-method is-config="true" signature="closeBrowser()[pri:0, instance:automation.testsuite.Tubep_MuaNgayTest@692f203f]" started-at="2024-09-22T16:45:23 ICT" name="closeBrowser" finished-at="2024-09-22T16:45:24 ICT" duration-ms="600" status="PASS">
          <reporter-output>
          </reporter-output>
        </test-method> <!-- closeBrowser -->
        <test-method is-config="true" signature="openBrowser(java.lang.String)[pri:0, instance:automation.testsuite.Tubep_MuaNgayTest@692f203f]" started-at="2024-09-22T16:45:24 ICT" name="openBrowser" finished-at="2024-09-22T16:45:32 ICT" duration-ms="7865" status="PASS">
          <params>
            <param index="0">
              <value>
                <![CDATA[firefox]]>
              </value>
            </param>
          </params>
          <reporter-output>
          </reporter-output>
        </test-method> <!-- openBrowser -->
        <test-method signature="muaNgayThatBai_SoDienThoaiBlank()[pri:0, instance:automation.testsuite.Tubep_MuaNgayTest@692f203f]" started-at="2024-09-22T16:45:32 ICT" name="muaNgayThatBai_SoDienThoaiBlank" finished-at="2024-09-22T16:45:44 ICT" duration-ms="12266" status="PASS">
          <reporter-output>
          </reporter-output>
        </test-method> <!-- muaNgayThatBai_SoDienThoaiBlank -->
        <test-method is-config="true" signature="closeBrowser()[pri:0, instance:automation.testsuite.Tubep_MuaNgayTest@692f203f]" started-at="2024-09-22T16:45:44 ICT" name="closeBrowser" finished-at="2024-09-22T16:45:45 ICT" duration-ms="599" status="PASS">
          <reporter-output>
          </reporter-output>
        </test-method> <!-- closeBrowser -->
        <test-method is-config="true" signature="openBrowser(java.lang.String)[pri:0, instance:automation.testsuite.Tubep_MuaNgayTest@692f203f]" started-at="2024-09-22T16:45:45 ICT" name="openBrowser" finished-at="2024-09-22T16:45:53 ICT" duration-ms="8160" status="PASS">
          <params>
            <param index="0">
              <value>
                <![CDATA[firefox]]>
              </value>
            </param>
          </params>
          <reporter-output>
          </reporter-output>
        </test-method> <!-- openBrowser -->
        <test-method signature="muaNgayThatBai_sdtInvalid()[pri:0, instance:automation.testsuite.Tubep_MuaNgayTest@692f203f]" started-at="2024-09-22T16:45:53 ICT" name="muaNgayThatBai_sdtInvalid" finished-at="2024-09-22T16:46:05 ICT" duration-ms="12305" status="PASS">
          <reporter-output>
          </reporter-output>
        </test-method> <!-- muaNgayThatBai_sdtInvalid -->
        <test-method is-config="true" signature="closeBrowser()[pri:0, instance:automation.testsuite.Tubep_MuaNgayTest@692f203f]" started-at="2024-09-22T16:46:05 ICT" name="closeBrowser" finished-at="2024-09-22T16:46:06 ICT" duration-ms="612" status="PASS">
          <reporter-output>
          </reporter-output>
        </test-method> <!-- closeBrowser -->
        <test-method is-config="true" signature="openBrowser(java.lang.String)[pri:0, instance:automation.testsuite.Tubep_MuaNgayTest@692f203f]" started-at="2024-09-22T16:46:06 ICT" name="openBrowser" finished-at="2024-09-22T16:46:14 ICT" duration-ms="8145" status="PASS">
          <params>
            <param index="0">
              <value>
                <![CDATA[firefox]]>
              </value>
            </param>
          </params>
          <reporter-output>
          </reporter-output>
        </test-method> <!-- openBrowser -->
        <test-method signature="muaNgayThanhCong()[pri:1, instance:automation.testsuite.Tubep_MuaNgayTest@692f203f]" started-at="2024-09-22T16:46:14 ICT" name="muaNgayThanhCong" finished-at="2024-09-22T16:46:26 ICT" duration-ms="12262" status="PASS">
          <reporter-output>
          </reporter-output>
        </test-method> <!-- muaNgayThanhCong -->
        <test-method is-config="true" signature="closeBrowser()[pri:0, instance:automation.testsuite.Tubep_MuaNgayTest@692f203f]" started-at="2024-09-22T16:46:26 ICT" name="closeBrowser" finished-at="2024-09-22T16:46:27 ICT" duration-ms="589" status="PASS">
          <reporter-output>
          </reporter-output>
        </test-method> <!-- closeBrowser -->
      </class> <!-- automation.testsuite.Tubep_MuaNgayTest -->
      <class name="automation.testsuite.Tubep_MuaTGTest">
        <test-method is-config="true" signature="openBrowser(java.lang.String)[pri:0, instance:automation.testsuite.Tubep_MuaTGTest@48f2bd5b]" started-at="2024-09-22T16:46:27 ICT" name="openBrowser" finished-at="2024-09-22T16:46:43 ICT" duration-ms="15990" status="PASS">
          <params>
            <param index="0">
              <value>
                <![CDATA[firefox]]>
              </value>
            </param>
          </params>
          <reporter-output>
          </reporter-output>
        </test-method> <!-- openBrowser -->
        <test-method signature="muaTGThanhCong()[pri:1, instance:automation.testsuite.Tubep_MuaTGTest@48f2bd5b]" started-at="2024-09-22T16:46:43 ICT" name="muaTGThanhCong" finished-at="2024-09-22T16:47:19 ICT" duration-ms="36531" status="FAIL">
          <exception class="java.lang.AssertionError">
            <message>
              <![CDATA[expected [true] but found [false]]]>
            </message>
            <full-stacktrace>
              <![CDATA[java.lang.AssertionError: expected [true] but found [false]
at org.testng.Assert.fail(Assert.java:99)
at org.testng.Assert.failNotEquals(Assert.java:1037)
at org.testng.Assert.assertTrue(Assert.java:45)
at org.testng.Assert.assertTrue(Assert.java:55)
at automation.testsuite.Tubep_MuaTGTest.muaTGThanhCong(Tubep_MuaTGTest.java:35)
at java.base/jdk.internal.reflect.DirectMethodHandleAccessor.invoke(DirectMethodHandleAccessor.java:103)
at java.base/java.lang.reflect.Method.invoke(Method.java:580)
at org.testng.internal.MethodInvocationHelper.invokeMethod(MethodInvocationHelper.java:133)
at org.testng.internal.TestInvoker.invokeMethod(TestInvoker.java:598)
at org.testng.internal.TestInvoker.invokeTestMethod(TestInvoker.java:173)
at org.testng.internal.MethodRunner.runInSequence(MethodRunner.java:46)
at org.testng.internal.TestInvoker$MethodInvocationAgent.invoke(TestInvoker.java:824)
at org.testng.internal.TestInvoker.invokeTestMethods(TestInvoker.java:146)
at org.testng.internal.TestMethodWorker.invokeTestMethods(TestMethodWorker.java:146)
at org.testng.internal.TestMethodWorker.run(TestMethodWorker.java:128)
at java.base/java.util.ArrayList.forEach(ArrayList.java:1596)
at org.testng.TestRunner.privateRun(TestRunner.java:794)
at org.testng.TestRunner.run(TestRunner.java:596)
at org.testng.SuiteRunner.runTest(SuiteRunner.java:377)
at org.testng.SuiteRunner.runSequentially(SuiteRunner.java:371)
at org.testng.SuiteRunner.privateRun(SuiteRunner.java:332)
at org.testng.SuiteRunner.run(SuiteRunner.java:276)
at org.testng.SuiteRunnerWorker.runSuite(SuiteRunnerWorker.java:53)
at org.testng.SuiteRunnerWorker.run(SuiteRunnerWorker.java:96)
at org.testng.TestNG.runSuitesSequentially(TestNG.java:1212)
at org.testng.TestNG.runSuitesLocally(TestNG.java:1134)
at org.testng.TestNG.runSuites(TestNG.java:1063)
at org.testng.TestNG.run(TestNG.java:1031)
at org.testng.remote.AbstractRemoteTestNG.run(AbstractRemoteTestNG.java:115)
at org.testng.remote.RemoteTestNG.initAndRun(RemoteTestNG.java:293)
at org.testng.remote.RemoteTestNG.main(RemoteTestNG.java:91)
]]>
            </full-stacktrace>
          </exception> <!-- java.lang.AssertionError -->
          <reporter-output>
          </reporter-output>
        </test-method> <!-- muaTGThanhCong -->
        <test-method is-config="true" signature="closeBrowser()[pri:0, instance:automation.testsuite.Tubep_MuaTGTest@48f2bd5b]" started-at="2024-09-22T16:47:19 ICT" name="closeBrowser" finished-at="2024-09-22T16:47:20 ICT" duration-ms="612" status="PASS">
          <reporter-output>
          </reporter-output>
        </test-method> <!-- closeBrowser -->
        <test-method is-config="true" signature="openBrowser(java.lang.String)[pri:0, instance:automation.testsuite.Tubep_MuaTGTest@48f2bd5b]" started-at="2024-09-22T16:47:20 ICT" name="openBrowser" finished-at="2024-09-22T16:47:30 ICT" duration-ms="9691" status="PASS">
          <params>
            <param index="0">
              <value>
                <![CDATA[firefox]]>
              </value>
            </param>
          </params>
          <reporter-output>
          </reporter-output>
        </test-method> <!-- openBrowser -->
        <test-method signature="muaTGThatBai_HoTenBlank()[pri:2, instance:automation.testsuite.Tubep_MuaTGTest@48f2bd5b]" started-at="2024-09-22T16:47:30 ICT" name="muaTGThatBai_HoTenBlank" finished-at="2024-09-22T16:48:06 ICT" duration-ms="36131" status="FAIL">
          <exception class="java.lang.AssertionError">
            <message>
              <![CDATA[expected [true] but found [false]]]>
            </message>
            <full-stacktrace>
              <![CDATA[java.lang.AssertionError: expected [true] but found [false]
at org.testng.Assert.fail(Assert.java:99)
at org.testng.Assert.failNotEquals(Assert.java:1037)
at org.testng.Assert.assertTrue(Assert.java:45)
at org.testng.Assert.assertTrue(Assert.java:55)
at automation.testsuite.Tubep_MuaTGTest.muaTGThatBai_HoTenBlank(Tubep_MuaTGTest.java:42)
at java.base/jdk.internal.reflect.DirectMethodHandleAccessor.invoke(DirectMethodHandleAccessor.java:103)
at java.base/java.lang.reflect.Method.invoke(Method.java:580)
at org.testng.internal.MethodInvocationHelper.invokeMethod(MethodInvocationHelper.java:133)
at org.testng.internal.TestInvoker.invokeMethod(TestInvoker.java:598)
at org.testng.internal.TestInvoker.invokeTestMethod(TestInvoker.java:173)
at org.testng.internal.MethodRunner.runInSequence(MethodRunner.java:46)
at org.testng.internal.TestInvoker$MethodInvocationAgent.invoke(TestInvoker.java:824)
at org.testng.internal.TestInvoker.invokeTestMethods(TestInvoker.java:146)
at org.testng.internal.TestMethodWorker.invokeTestMethods(TestMethodWorker.java:146)
at org.testng.internal.TestMethodWorker.run(TestMethodWorker.java:128)
at java.base/java.util.ArrayList.forEach(ArrayList.java:1596)
at org.testng.TestRunner.privateRun(TestRunner.java:794)
at org.testng.TestRunner.run(TestRunner.java:596)
at org.testng.SuiteRunner.runTest(SuiteRunner.java:377)
at org.testng.SuiteRunner.runSequentially(SuiteRunner.java:371)
at org.testng.SuiteRunner.privateRun(SuiteRunner.java:332)
at org.testng.SuiteRunner.run(SuiteRunner.java:276)
at org.testng.SuiteRunnerWorker.runSuite(SuiteRunnerWorker.java:53)
at org.testng.SuiteRunnerWorker.run(SuiteRunnerWorker.java:96)
at org.testng.TestNG.runSuitesSequentially(TestNG.java:1212)
at org.testng.TestNG.runSuitesLocally(TestNG.java:1134)
at org.testng.TestNG.runSuites(TestNG.java:1063)
at org.testng.TestNG.run(TestNG.java:1031)
at org.testng.remote.AbstractRemoteTestNG.run(AbstractRemoteTestNG.java:115)
at org.testng.remote.RemoteTestNG.initAndRun(RemoteTestNG.java:293)
at org.testng.remote.RemoteTestNG.main(RemoteTestNG.java:91)
]]>
            </full-stacktrace>
          </exception> <!-- java.lang.AssertionError -->
          <reporter-output>
          </reporter-output>
        </test-method> <!-- muaTGThatBai_HoTenBlank -->
        <test-method is-config="true" signature="closeBrowser()[pri:0, instance:automation.testsuite.Tubep_MuaTGTest@48f2bd5b]" started-at="2024-09-22T16:48:06 ICT" name="closeBrowser" finished-at="2024-09-22T16:48:06 ICT" duration-ms="600" status="PASS">
          <reporter-output>
          </reporter-output>
        </test-method> <!-- closeBrowser -->
        <test-method is-config="true" signature="openBrowser(java.lang.String)[pri:0, instance:automation.testsuite.Tubep_MuaTGTest@48f2bd5b]" started-at="2024-09-22T16:48:06 ICT" name="openBrowser" finished-at="2024-09-22T16:48:23 ICT" duration-ms="16268" status="PASS">
          <params>
            <param index="0">
              <value>
                <![CDATA[firefox]]>
              </value>
            </param>
          </params>
          <reporter-output>
          </reporter-output>
        </test-method> <!-- openBrowser -->
        <test-method signature="muaTGThatBai_SoDienThoaiBlank()[pri:3, instance:automation.testsuite.Tubep_MuaTGTest@48f2bd5b]" started-at="2024-09-22T16:48:23 ICT" name="muaTGThatBai_SoDienThoaiBlank" finished-at="2024-09-22T16:48:29 ICT" duration-ms="6314" status="PASS">
          <reporter-output>
          </reporter-output>
        </test-method> <!-- muaTGThatBai_SoDienThoaiBlank -->
        <test-method is-config="true" signature="closeBrowser()[pri:0, instance:automation.testsuite.Tubep_MuaTGTest@48f2bd5b]" started-at="2024-09-22T16:48:29 ICT" name="closeBrowser" finished-at="2024-09-22T16:48:30 ICT" duration-ms="595" status="PASS">
          <reporter-output>
          </reporter-output>
        </test-method> <!-- closeBrowser -->
        <test-method is-config="true" signature="openBrowser(java.lang.String)[pri:0, instance:automation.testsuite.Tubep_MuaTGTest@48f2bd5b]" started-at="2024-09-22T16:48:30 ICT" name="openBrowser" finished-at="2024-09-22T16:48:40 ICT" duration-ms="10270" status="PASS">
          <params>
            <param index="0">
              <value>
                <![CDATA[firefox]]>
              </value>
            </param>
          </params>
          <reporter-output>
          </reporter-output>
        </test-method> <!-- openBrowser -->
        <test-method signature="muaTGThatBai_DiaChiBlank()[pri:4, instance:automation.testsuite.Tubep_MuaTGTest@48f2bd5b]" started-at="2024-09-22T16:48:40 ICT" name="muaTGThatBai_DiaChiBlank" finished-at="2024-09-22T16:48:45 ICT" duration-ms="5409" status="PASS">
          <reporter-output>
          </reporter-output>
        </test-method> <!-- muaTGThatBai_DiaChiBlank -->
        <test-method is-config="true" signature="closeBrowser()[pri:0, instance:automation.testsuite.Tubep_MuaTGTest@48f2bd5b]" started-at="2024-09-22T16:48:45 ICT" name="closeBrowser" finished-at="2024-09-22T16:48:46 ICT" duration-ms="584" status="PASS">
          <reporter-output>
          </reporter-output>
        </test-method> <!-- closeBrowser -->
        <test-method is-config="true" signature="openBrowser(java.lang.String)[pri:0, instance:automation.testsuite.Tubep_MuaTGTest@48f2bd5b]" started-at="2024-09-22T16:48:46 ICT" name="openBrowser" finished-at="2024-09-22T16:48:54 ICT" duration-ms="8626" status="PASS">
          <params>
            <param index="0">
              <value>
                <![CDATA[firefox]]>
              </value>
            </param>
          </params>
          <reporter-output>
          </reporter-output>
        </test-method> <!-- openBrowser -->
        <test-method signature="muaTGThatBai_LeaveBlank()[pri:5, instance:automation.testsuite.Tubep_MuaTGTest@48f2bd5b]" started-at="2024-09-22T16:48:54 ICT" name="muaTGThatBai_LeaveBlank" finished-at="2024-09-22T16:49:00 ICT" duration-ms="5366" status="PASS">
          <reporter-output>
          </reporter-output>
        </test-method> <!-- muaTGThatBai_LeaveBlank -->
        <test-method is-config="true" signature="closeBrowser()[pri:0, instance:automation.testsuite.Tubep_MuaTGTest@48f2bd5b]" started-at="2024-09-22T16:49:00 ICT" name="closeBrowser" finished-at="2024-09-22T16:49:00 ICT" duration-ms="601" status="PASS">
          <reporter-output>
          </reporter-output>
        </test-method> <!-- closeBrowser -->
        <test-method is-config="true" signature="openBrowser(java.lang.String)[pri:0, instance:automation.testsuite.Tubep_MuaTGTest@48f2bd5b]" started-at="2024-09-22T16:49:00 ICT" name="openBrowser" finished-at="2024-09-22T16:49:20 ICT" duration-ms="19692" status="PASS">
          <params>
            <param index="0">
              <value>
                <![CDATA[firefox]]>
              </value>
            </param>
          </params>
          <reporter-output>
          </reporter-output>
        </test-method> <!-- openBrowser -->
        <test-method signature="muaTGThatBai_sdtInvalid()[pri:6, instance:automation.testsuite.Tubep_MuaTGTest@48f2bd5b]" started-at="2024-09-22T16:49:20 ICT" name="muaTGThatBai_sdtInvalid" finished-at="2024-09-22T16:49:27 ICT" duration-ms="6820" status="PASS">
          <reporter-output>
          </reporter-output>
        </test-method> <!-- muaTGThatBai_sdtInvalid -->
        <test-method is-config="true" signature="closeBrowser()[pri:0, instance:automation.testsuite.Tubep_MuaTGTest@48f2bd5b]" started-at="2024-09-22T16:49:27 ICT" name="closeBrowser" finished-at="2024-09-22T16:49:28 ICT" duration-ms="596" status="PASS">
          <reporter-output>
          </reporter-output>
        </test-method> <!-- closeBrowser -->
      </class> <!-- automation.testsuite.Tubep_MuaTGTest -->
      <class name="automation.testsuite.Tubep_LapDatTaiNhaTest">
        <test-method is-config="true" signature="openBrowser(java.lang.String)[pri:0, instance:automation.testsuite.Tubep_LapDatTaiNhaTest@4c583ecf]" started-at="2024-09-22T16:42:52 ICT" name="openBrowser" finished-at="2024-09-22T16:43:01 ICT" duration-ms="8346" status="PASS">
          <params>
            <param index="0">
              <value>
                <![CDATA[firefox]]>
              </value>
            </param>
          </params>
          <reporter-output>
          </reporter-output>
        </test-method> <!-- openBrowser -->
        <test-method signature="tuVanThanhCong()[pri:1, instance:automation.testsuite.Tubep_LapDatTaiNhaTest@4c583ecf]" started-at="2024-09-22T16:43:01 ICT" name="tuVanThanhCong" finished-at="2024-09-22T16:43:06 ICT" duration-ms="5841" status="PASS">
          <reporter-output>
          </reporter-output>
        </test-method> <!-- tuVanThanhCong -->
        <test-method is-config="true" signature="closeBrowser()[pri:0, instance:automation.testsuite.Tubep_LapDatTaiNhaTest@4c583ecf]" started-at="2024-09-22T16:43:06 ICT" name="closeBrowser" finished-at="2024-09-22T16:43:07 ICT" duration-ms="592" status="PASS">
          <reporter-output>
          </reporter-output>
        </test-method> <!-- closeBrowser -->
        <test-method is-config="true" signature="openBrowser(java.lang.String)[pri:0, instance:automation.testsuite.Tubep_LapDatTaiNhaTest@4c583ecf]" started-at="2024-09-22T16:43:07 ICT" name="openBrowser" finished-at="2024-09-22T16:43:15 ICT" duration-ms="7975" status="PASS">
          <params>
            <param index="0">
              <value>
                <![CDATA[firefox]]>
              </value>
            </param>
          </params>
          <reporter-output>
          </reporter-output>
        </test-method> <!-- openBrowser -->
        <test-method signature="tuVanThatBai_HoTenBlank()[pri:2, instance:automation.testsuite.Tubep_LapDatTaiNhaTest@4c583ecf]" started-at="2024-09-22T16:43:15 ICT" name="tuVanThatBai_HoTenBlank" finished-at="2024-09-22T16:43:20 ICT" duration-ms="5430" status="PASS">
          <reporter-output>
          </reporter-output>
        </test-method> <!-- tuVanThatBai_HoTenBlank -->
        <test-method is-config="true" signature="closeBrowser()[pri:0, instance:automation.testsuite.Tubep_LapDatTaiNhaTest@4c583ecf]" started-at="2024-09-22T16:43:20 ICT" name="closeBrowser" finished-at="2024-09-22T16:43:21 ICT" duration-ms="601" status="PASS">
          <reporter-output>
          </reporter-output>
        </test-method> <!-- closeBrowser -->
        <test-method is-config="true" signature="openBrowser(java.lang.String)[pri:0, instance:automation.testsuite.Tubep_LapDatTaiNhaTest@4c583ecf]" started-at="2024-09-22T16:43:21 ICT" name="openBrowser" finished-at="2024-09-22T16:43:29 ICT" duration-ms="7784" status="PASS">
          <params>
            <param index="0">
              <value>
                <![CDATA[firefox]]>
              </value>
            </param>
          </params>
          <reporter-output>
          </reporter-output>
        </test-method> <!-- openBrowser -->
        <test-method signature="tuVanThatBai_SoDienThoaiBlank()[pri:3, instance:automation.testsuite.Tubep_LapDatTaiNhaTest@4c583ecf]" started-at="2024-09-22T16:43:29 ICT" name="tuVanThatBai_SoDienThoaiBlank" finished-at="2024-09-22T16:43:34 ICT" duration-ms="5390" status="PASS">
          <reporter-output>
          </reporter-output>
        </test-method> <!-- tuVanThatBai_SoDienThoaiBlank -->
        <test-method is-config="true" signature="closeBrowser()[pri:0, instance:automation.testsuite.Tubep_LapDatTaiNhaTest@4c583ecf]" started-at="2024-09-22T16:43:34 ICT" name="closeBrowser" finished-at="2024-09-22T16:43:35 ICT" duration-ms="593" status="PASS">
          <reporter-output>
          </reporter-output>
        </test-method> <!-- closeBrowser -->
        <test-method is-config="true" signature="openBrowser(java.lang.String)[pri:0, instance:automation.testsuite.Tubep_LapDatTaiNhaTest@4c583ecf]" started-at="2024-09-22T16:43:35 ICT" name="openBrowser" finished-at="2024-09-22T16:43:43 ICT" duration-ms="7831" status="PASS">
          <params>
            <param index="0">
              <value>
                <![CDATA[firefox]]>
              </value>
            </param>
          </params>
          <reporter-output>
          </reporter-output>
        </test-method> <!-- openBrowser -->
        <test-method signature="tuVanThatBai_DiaChiBlank()[pri:4, instance:automation.testsuite.Tubep_LapDatTaiNhaTest@4c583ecf]" started-at="2024-09-22T16:43:43 ICT" name="tuVanThatBai_DiaChiBlank" finished-at="2024-09-22T16:43:48 ICT" duration-ms="5386" status="PASS">
          <reporter-output>
          </reporter-output>
        </test-method> <!-- tuVanThatBai_DiaChiBlank -->
        <test-method is-config="true" signature="closeBrowser()[pri:0, instance:automation.testsuite.Tubep_LapDatTaiNhaTest@4c583ecf]" started-at="2024-09-22T16:43:48 ICT" name="closeBrowser" finished-at="2024-09-22T16:43:49 ICT" duration-ms="590" status="PASS">
          <reporter-output>
          </reporter-output>
        </test-method> <!-- closeBrowser -->
        <test-method is-config="true" signature="openBrowser(java.lang.String)[pri:0, instance:automation.testsuite.Tubep_LapDatTaiNhaTest@4c583ecf]" started-at="2024-09-22T16:43:49 ICT" name="openBrowser" finished-at="2024-09-22T16:43:57 ICT" duration-ms="7927" status="PASS">
          <params>
            <param index="0">
              <value>
                <![CDATA[firefox]]>
              </value>
            </param>
          </params>
          <reporter-output>
          </reporter-output>
        </test-method> <!-- openBrowser -->
        <test-method signature="tuVanThatBai_LeaveBlank()[pri:5, instance:automation.testsuite.Tubep_LapDatTaiNhaTest@4c583ecf]" started-at="2024-09-22T16:43:57 ICT" name="tuVanThatBai_LeaveBlank" finished-at="2024-09-22T16:44:02 ICT" duration-ms="5783" status="PASS">
          <reporter-output>
          </reporter-output>
        </test-method> <!-- tuVanThatBai_LeaveBlank -->
        <test-method is-config="true" signature="closeBrowser()[pri:0, instance:automation.testsuite.Tubep_LapDatTaiNhaTest@4c583ecf]" started-at="2024-09-22T16:44:02 ICT" name="closeBrowser" finished-at="2024-09-22T16:44:03 ICT" duration-ms="606" status="PASS">
          <reporter-output>
          </reporter-output>
        </test-method> <!-- closeBrowser -->
        <test-method is-config="true" signature="openBrowser(java.lang.String)[pri:0, instance:automation.testsuite.Tubep_LapDatTaiNhaTest@4c583ecf]" started-at="2024-09-22T16:44:03 ICT" name="openBrowser" finished-at="2024-09-22T16:44:11 ICT" duration-ms="8064" status="PASS">
          <params>
            <param index="0">
              <value>
                <![CDATA[firefox]]>
              </value>
            </param>
          </params>
          <reporter-output>
          </reporter-output>
        </test-method> <!-- openBrowser -->
        <test-method signature="tuVanThatBai_sdtInvalid()[pri:6, instance:automation.testsuite.Tubep_LapDatTaiNhaTest@4c583ecf]" started-at="2024-09-22T16:44:11 ICT" name="tuVanThatBai_sdtInvalid" finished-at="2024-09-22T16:44:16 ICT" duration-ms="5480" status="PASS">
          <reporter-output>
          </reporter-output>
        </test-method> <!-- tuVanThatBai_sdtInvalid -->
        <test-method is-config="true" signature="closeBrowser()[pri:0, instance:automation.testsuite.Tubep_LapDatTaiNhaTest@4c583ecf]" started-at="2024-09-22T16:44:16 ICT" name="closeBrowser" finished-at="2024-09-22T16:44:17 ICT" duration-ms="595" status="PASS">
          <reporter-output>
          </reporter-output>
        </test-method> <!-- closeBrowser -->
      </class> <!-- automation.testsuite.Tubep_LapDatTaiNhaTest -->
    </test> <!-- Regression test test suite on firefox  -->
    <test started-at="2024-09-22T16:49:28 ICT" name="Regression test test suite on edge " finished-at="2024-09-22T16:49:28 ICT" duration-ms="0">
    </test> <!-- Regression test test suite on edge  -->
  </suite> <!-- TestSuite -->
</testng-results>
